<?xml version="1.0" encoding="UTF-8"?>
<testng-results skipped="0" failed="0" ignored="0" total="1" passed="1">
  <reporter-output>
  </reporter-output>
  <suite name="com.test.SampleTest" duration-ms="12534" started-at="2019-05-05T05:20:12Z" finished-at="2019-05-05T05:20:24Z">
    <groups>
    </groups>
    <test name="Command line test" duration-ms="12534" started-at="2019-05-05T05:20:12Z" finished-at="2019-05-05T05:20:24Z">
      <class name="com.test.SampleTest">
        <test-method status="PASS" signature="startReport()[pri:0, instance:com.test.SampleTest@7f690630]" name="startReport" is-config="true" duration-ms="5965" started-at="2019-05-05T10:50:12Z" finished-at="2019-05-05T10:50:18Z">
          <reporter-output>
          </reporter-output>
        </test-method> <!-- startReport -->
        <test-method status="PASS" signature="Test1()[pri:1, instance:com.test.SampleTest@7f690630]" name="Test1" duration-ms="4206" started-at="2019-05-05T10:50:18Z" finished-at="2019-05-05T10:50:22Z">
          <reporter-output>
          </reporter-output>
        </test-method> <!-- Test1 -->
        <test-method status="PASS" signature="endReport()[pri:0, instance:com.test.SampleTest@7f690630]" name="endReport" is-config="true" duration-ms="2326" started-at="2019-05-05T10:50:22Z" finished-at="2019-05-05T10:50:24Z">
          <reporter-output>
          </reporter-output>
        </test-method> <!-- endReport -->
      </class> <!-- com.test.SampleTest -->
    </test> <!-- Command line test -->
  </suite> <!-- com.test.SampleTest -->
</testng-results>
