<?xml version="1.0" encoding="UTF-8"?>
<testng-results ignored="0" total="1" passed="1" failed="0" skipped="0">
  <reporter-output>
  </reporter-output>
  <suite started-at="2018-10-27T12:49:49Z" name="Default suite" finished-at="2018-10-27T12:50:03Z" duration-ms="13699">
    <groups>
    </groups>
    <test started-at="2018-10-27T12:49:49Z" name="Default test" finished-at="2018-10-27T12:50:03Z" duration-ms="13699">
      <class name="com.test.SampleTest">
        <test-method is-config="true" signature="startReport()[pri:0, instance:com.test.SampleTest@394a2528]" started-at="2018-10-27T18:19:49Z" name="startReport" finished-at="2018-10-27T18:19:57Z" duration-ms="8228" status="PASS">
          <reporter-output>
          </reporter-output>
        </test-method> <!-- startReport -->
        <test-method signature="Test1()[pri:1, instance:com.test.SampleTest@394a2528]" started-at="2018-10-27T18:19:57Z" name="Test1" finished-at="2018-10-27T18:20:01Z" duration-ms="3139" status="PASS">
          <reporter-output>
          </reporter-output>
        </test-method> <!-- Test1 -->
        <test-method is-config="true" signature="endReport()[pri:0, instance:com.test.SampleTest@394a2528]" started-at="2018-10-27T18:20:01Z" name="endReport" finished-at="2018-10-27T18:20:03Z" duration-ms="2312" status="PASS">
          <reporter-output>
          </reporter-output>
        </test-method> <!-- endReport -->
      </class> <!-- com.test.SampleTest -->
    </test> <!-- Default test -->
  </suite> <!-- Default suite -->
</testng-results>
